app/build/intermediates/manifest_merge_blame_file/debug/manifest-merger-blame-debug-report.txt
1<?xml version="1.0" encoding="utf-8"?>
2<manifest xmlns:android="http://schemas.android.com/apk/res/android"
3    package="com.ldt.musicr"
4    android:versionCode="4"
5    android:versionName="1.2.5" >
6
7    <uses-sdk
8        android:minSdkVersion="17"
8-->src\main\AndroidManifest.xml
9        android:targetSdkVersion="30" />
9-->src\main\AndroidManifest.xml
10
11    <uses-permission android:name="android.permission.WAKE_LOCK" />
11-->src\main\AndroidManifest.xml:5:5-68
11-->src\main\AndroidManifest.xml:5:22-65
12    <uses-permission android:name="android.permission.READ_EXTERNAL_STORAGE" />
12-->src\main\AndroidManifest.xml:6:5-80
12-->src\main\AndroidManifest.xml:6:22-77
13    <uses-permission android:name="android.permission.WRITE_EXTERNAL_STORAGE" />
13-->src\main\AndroidManifest.xml:7:5-81
13-->src\main\AndroidManifest.xml:7:22-78
14    <uses-permission android:name="android.Manifest.permission.WRITE_EXTERNAL_STORAGE" />
14-->src\main\AndroidManifest.xml:8:5-90
14-->src\main\AndroidManifest.xml:8:22-87
15    <uses-permission android:name="android.permission.INTERNET" />
15-->src\main\AndroidManifest.xml:9:5-67
15-->src\main\AndroidManifest.xml:9:22-64
16    <uses-permission android:name="android.permission.ACCESS_NETWORK_STATE" />
16-->src\main\AndroidManifest.xml:10:5-79
16-->src\main\AndroidManifest.xml:10:22-76
17    <uses-permission android:name="android.permission.BROADCAST_STICKY" />
17-->src\main\AndroidManifest.xml:11:5-75
17-->src\main\AndroidManifest.xml:11:22-72
18    <uses-permission android:name="android.permission.RECEIVE_BOOT_COMPLETED" />
18-->src\main\AndroidManifest.xml:12:5-81
18-->src\main\AndroidManifest.xml:12:22-78
19    <uses-permission android:name="android.permission.FOREGROUND_SERVICE" />
19-->src\main\AndroidManifest.xml:13:5-77
19-->src\main\AndroidManifest.xml:13:22-74
20    <uses-permission android:name="android.permission.VIBRATE" />
20-->src\main\AndroidManifest.xml:14:5-66
20-->src\main\AndroidManifest.xml:14:22-63
21
22    <application
22-->src\main\AndroidManifest.xml:15:5-173:19
23        android:name="com.ldt.musicr.App"
23-->src\main\AndroidManifest.xml:16:9-28
24        android:allowBackup="true"
24-->src\main\AndroidManifest.xml:17:9-35
25        android:appComponentFactory="androidx.core.app.CoreComponentFactory"
25-->[androidx.core:core:1.3.1] AndroidManifest.xml:24:18-86
26        android:debuggable="true"
27        android:icon="@mipmap/ic_launcher"
27-->src\main\AndroidManifest.xml:18:9-43
28        android:label="@string/app_name"
28-->src\main\AndroidManifest.xml:19:9-41
29        android:roundIcon="@mipmap/ic_launcher"
29-->src\main\AndroidManifest.xml:20:9-48
30        android:supportsRtl="true"
30-->src\main\AndroidManifest.xml:21:9-35
31        android:testOnly="true"
32        android:theme="@style/AppThemeNoWallpaper" >
32-->src\main\AndroidManifest.xml:22:9-51
33        <activity
33-->src\main\AndroidManifest.xml:24:9-95:20
34            android:name="com.ldt.musicr.ui.AppActivity"
34-->src\main\AndroidManifest.xml:25:13-43
35            android:configChanges="keyboardHidden|orientation|screenSize"
35-->src\main\AndroidManifest.xml:28:13-74
36            android:launchMode="singleInstance"
36-->src\main\AndroidManifest.xml:29:13-48
37            android:screenOrientation="portrait"
37-->src\main\AndroidManifest.xml:27:13-49
38            android:theme="@style/SplashThemeV2"
38-->src\main\AndroidManifest.xml:26:13-49
39            android:windowSoftInputMode="adjustPan|adjustResize" >
39-->src\main\AndroidManifest.xml:30:13-65
40            <intent-filter>
40-->src\main\AndroidManifest.xml:32:13-38:29
41                <action android:name="android.intent.action.MAIN" />
41-->src\main\AndroidManifest.xml:33:17-69
41-->src\main\AndroidManifest.xml:33:25-66
42                <action android:name="android.intent.action.MUSIC_PLAYER" />
42-->src\main\AndroidManifest.xml:34:17-77
42-->src\main\AndroidManifest.xml:34:25-74
43
44                <category android:name="android.intent.category.LAUNCHER" />
44-->src\main\AndroidManifest.xml:35:17-77
44-->src\main\AndroidManifest.xml:35:27-74
45                <category android:name="android.intent.category.APP_MUSIC" />
45-->src\main\AndroidManifest.xml:36:17-78
45-->src\main\AndroidManifest.xml:36:27-75
46                <category android:name="android.intent.category.DEFAULT" />
46-->src\main\AndroidManifest.xml:37:17-76
46-->src\main\AndroidManifest.xml:37:27-73
47            </intent-filter>
48            <intent-filter>
48-->src\main\AndroidManifest.xml:39:13-48:25
49                <action android:name="android.intent.action.VIEW" />
49-->src\main\AndroidManifest.xml:40:13-65
49-->src\main\AndroidManifest.xml:40:21-62
50
51                <category android:name="android.intent.category.DEFAULT" />
51-->src\main\AndroidManifest.xml:37:17-76
51-->src\main\AndroidManifest.xml:37:27-73
52
53                <data android:scheme="content" />
53-->src\main\AndroidManifest.xml:43:13-46
53-->src\main\AndroidManifest.xml:43:19-43
54                <data android:mimeType="audio/*" />
54-->src\main\AndroidManifest.xml:43:13-46
54-->src\main\AndroidManifest.xml:44:19-45
55                <data android:mimeType="application/ogg" />
55-->src\main\AndroidManifest.xml:43:13-46
55-->src\main\AndroidManifest.xml:44:19-45
56                <data android:mimeType="application/x-ogg" />
56-->src\main\AndroidManifest.xml:43:13-46
56-->src\main\AndroidManifest.xml:44:19-45
57                <data android:mimeType="application/itunes" />
57-->src\main\AndroidManifest.xml:43:13-46
57-->src\main\AndroidManifest.xml:44:19-45
58            </intent-filter>
59            <intent-filter>
59-->src\main\AndroidManifest.xml:49:9-59:25
60                <action android:name="android.intent.action.VIEW" />
60-->src\main\AndroidManifest.xml:40:13-65
60-->src\main\AndroidManifest.xml:40:21-62
61
62                <category android:name="android.intent.category.DEFAULT" />
62-->src\main\AndroidManifest.xml:37:17-76
62-->src\main\AndroidManifest.xml:37:27-73
63
64                <data android:scheme="file" />
64-->src\main\AndroidManifest.xml:43:13-46
64-->src\main\AndroidManifest.xml:43:19-43
65                <data android:mimeType="audio/*" />
65-->src\main\AndroidManifest.xml:43:13-46
65-->src\main\AndroidManifest.xml:44:19-45
66                <data android:mimeType="application/ogg" />
66-->src\main\AndroidManifest.xml:43:13-46
66-->src\main\AndroidManifest.xml:44:19-45
67                <data android:mimeType="application/x-ogg" />
67-->src\main\AndroidManifest.xml:43:13-46
67-->src\main\AndroidManifest.xml:44:19-45
68                <data android:mimeType="application/itunes" />
68-->src\main\AndroidManifest.xml:43:13-46
68-->src\main\AndroidManifest.xml:44:19-45
69            </intent-filter>
70            <intent-filter>
70-->src\main\AndroidManifest.xml:60:9-71:25
71                <action android:name="android.intent.action.VIEW" />
71-->src\main\AndroidManifest.xml:40:13-65
71-->src\main\AndroidManifest.xml:40:21-62
72
73                <category android:name="android.intent.category.DEFAULT" />
73-->src\main\AndroidManifest.xml:37:17-76
73-->src\main\AndroidManifest.xml:37:27-73
74                <category android:name="android.intent.category.BROWSABLE" />
74-->src\main\AndroidManifest.xml:64:13-74
74-->src\main\AndroidManifest.xml:64:23-71
75
76                <data android:scheme="http" />
76-->src\main\AndroidManifest.xml:43:13-46
76-->src\main\AndroidManifest.xml:43:19-43
77                <data android:mimeType="audio/*" />
77-->src\main\AndroidManifest.xml:43:13-46
77-->src\main\AndroidManifest.xml:44:19-45
78                <data android:mimeType="application/ogg" />
78-->src\main\AndroidManifest.xml:43:13-46
78-->src\main\AndroidManifest.xml:44:19-45
79                <data android:mimeType="application/x-ogg" />
79-->src\main\AndroidManifest.xml:43:13-46
79-->src\main\AndroidManifest.xml:44:19-45
80                <data android:mimeType="application/itunes" />
80-->src\main\AndroidManifest.xml:43:13-46
80-->src\main\AndroidManifest.xml:44:19-45
81            </intent-filter>
82            <intent-filter>
82-->src\main\AndroidManifest.xml:72:13-76:29
83                <action android:name="com.cyanogenmod.eleven.AUDIO_PLAYER" />
83-->src\main\AndroidManifest.xml:73:17-78
83-->src\main\AndroidManifest.xml:73:25-75
84
85                <category android:name="android.intent.category.DEFAULT" />
85-->src\main\AndroidManifest.xml:37:17-76
85-->src\main\AndroidManifest.xml:37:27-73
86            </intent-filter>
87            <intent-filter>
87-->src\main\AndroidManifest.xml:77:13-84:29
88                <action android:name="android.intent.action.PICK" />
88-->src\main\AndroidManifest.xml:78:17-69
88-->src\main\AndroidManifest.xml:78:25-66
89
90                <category android:name="android.intent.category.DEFAULT" />
90-->src\main\AndroidManifest.xml:37:17-76
90-->src\main\AndroidManifest.xml:37:27-73
91                <category android:name="android.intent.category.OPENABLE" />
91-->src\main\AndroidManifest.xml:81:17-77
91-->src\main\AndroidManifest.xml:81:27-74
92
93                <data android:mimeType="vnd.android.cursor.dir/audio" />
93-->src\main\AndroidManifest.xml:43:13-46
93-->src\main\AndroidManifest.xml:44:19-45
94            </intent-filter>
95            <intent-filter>
95-->src\main\AndroidManifest.xml:86:13-94:29
96                <action android:name="android.intent.action.VIEW" />
96-->src\main\AndroidManifest.xml:40:13-65
96-->src\main\AndroidManifest.xml:40:21-62
97
98                <category android:name="android.intent.category.DEFAULT" />
98-->src\main\AndroidManifest.xml:37:17-76
98-->src\main\AndroidManifest.xml:37:27-73
99
100                <data android:mimeType="vnd.android.cursor.dir/playlist" />
100-->src\main\AndroidManifest.xml:43:13-46
100-->src\main\AndroidManifest.xml:44:19-45
101                <data android:mimeType="vnd.android.cursor.dir/albums" />
101-->src\main\AndroidManifest.xml:43:13-46
101-->src\main\AndroidManifest.xml:44:19-45
102                <data android:mimeType="vnd.android.cursor.dir/artists" />
102-->src\main\AndroidManifest.xml:43:13-46
102-->src\main\AndroidManifest.xml:44:19-45
103            </intent-filter>
104        </activity>
105
106        <service
106-->src\main\AndroidManifest.xml:96:9-98:37
107            android:name="com.ldt.musicr.service.MusicService"
107-->src\main\AndroidManifest.xml:97:13-49
108            android:enabled="true" />
108-->src\main\AndroidManifest.xml:98:13-35
109
110        <meta-data
110-->src\main\AndroidManifest.xml:99:9-101:35
111            android:name="android.max_aspect"
111-->src\main\AndroidManifest.xml:100:13-46
112            android:value="2.1" />
112-->src\main\AndroidManifest.xml:101:13-32
113
114        <provider
115            android:name="androidx.core.content.FileProvider"
115-->src\main\AndroidManifest.xml:104:13-62
116            android:authorities="com.ldt.musicr"
116-->src\main\AndroidManifest.xml:105:13-51
117            android:exported="false"
117-->src\main\AndroidManifest.xml:106:13-37
118            android:grantUriPermissions="true" >
118-->src\main\AndroidManifest.xml:107:13-47
119            <meta-data
119-->src\main\AndroidManifest.xml:108:13-110:58
120                android:name="android.support.FILE_PROVIDER_PATHS"
120-->src\main\AndroidManifest.xml:109:17-67
121                android:resource="@xml/provider_paths" />
121-->src\main\AndroidManifest.xml:110:17-55
122        </provider>
123
124        <receiver android:name="com.ldt.musicr.service.MediaButtonIntentReceiver" >
124-->src\main\AndroidManifest.xml:112:9-116:20
124-->src\main\AndroidManifest.xml:112:19-68
125            <intent-filter>
125-->src\main\AndroidManifest.xml:113:13-115:29
126                <action android:name="android.intent.action.MEDIA_BUTTON" />
126-->src\main\AndroidManifest.xml:114:17-77
126-->src\main\AndroidManifest.xml:114:25-74
127            </intent-filter>
128        </receiver>
129        <receiver android:name="com.ldt.musicr.appwidgets.BootReceiver" >
129-->src\main\AndroidManifest.xml:117:9-122:20
129-->src\main\AndroidManifest.xml:117:19-58
130            <intent-filter>
130-->src\main\AndroidManifest.xml:118:13-121:29
131                <action android:name="android.intent.action.BOOT_COMPLETED" />
131-->src\main\AndroidManifest.xml:119:17-79
131-->src\main\AndroidManifest.xml:119:25-76
132                <action android:name="android.intent.action.QUICKBOOT_POWERON" />
132-->src\main\AndroidManifest.xml:120:17-82
132-->src\main\AndroidManifest.xml:120:25-79
133            </intent-filter>
134        </receiver>
135        <receiver
135-->src\main\AndroidManifest.xml:123:9-134:20
136            android:name="com.ldt.musicr.appwidgets.AppWidgetBig"
136-->src\main\AndroidManifest.xml:124:13-52
137            android:exported="false"
137-->src\main\AndroidManifest.xml:125:13-37
138            android:label="@string/app_widget_big_name" >
138-->src\main\AndroidManifest.xml:126:13-56
139            <intent-filter>
139-->src\main\AndroidManifest.xml:127:13-129:29
140                <action android:name="android.appwidget.action.APPWIDGET_UPDATE" />
140-->src\main\AndroidManifest.xml:128:17-84
140-->src\main\AndroidManifest.xml:128:25-81
141            </intent-filter>
142
143            <meta-data
143-->src\main\AndroidManifest.xml:131:13-133:63
144                android:name="android.appwidget.provider"
144-->src\main\AndroidManifest.xml:132:17-58
145                android:resource="@xml/app_widget_big_info" />
145-->src\main\AndroidManifest.xml:133:17-60
146        </receiver>
147        <receiver
147-->src\main\AndroidManifest.xml:135:9-146:20
148            android:name="com.ldt.musicr.appwidgets.AppWidgetClassic"
148-->src\main\AndroidManifest.xml:136:13-56
149            android:exported="false"
149-->src\main\AndroidManifest.xml:137:13-37
150            android:label="@string/app_widget_classic_name" >
150-->src\main\AndroidManifest.xml:138:13-60
151            <intent-filter>
151-->src\main\AndroidManifest.xml:127:13-129:29
152                <action android:name="android.appwidget.action.APPWIDGET_UPDATE" />
152-->src\main\AndroidManifest.xml:128:17-84
152-->src\main\AndroidManifest.xml:128:25-81
153            </intent-filter>
154
155            <meta-data
155-->src\main\AndroidManifest.xml:131:13-133:63
156                android:name="android.appwidget.provider"
156-->src\main\AndroidManifest.xml:132:17-58
157                android:resource="@xml/app_widget_classic_info" />
157-->src\main\AndroidManifest.xml:133:17-60
158        </receiver>
159        <receiver
159-->src\main\AndroidManifest.xml:147:9-158:20
160            android:name="com.ldt.musicr.appwidgets.AppWidgetSmall"
160-->src\main\AndroidManifest.xml:148:13-54
161            android:exported="false"
161-->src\main\AndroidManifest.xml:149:13-37
162            android:label="@string/app_widget_small_name" >
162-->src\main\AndroidManifest.xml:150:13-58
163            <intent-filter>
163-->src\main\AndroidManifest.xml:127:13-129:29
164                <action android:name="android.appwidget.action.APPWIDGET_UPDATE" />
164-->src\main\AndroidManifest.xml:128:17-84
164-->src\main\AndroidManifest.xml:128:25-81
165            </intent-filter>
166
167            <meta-data
167-->src\main\AndroidManifest.xml:131:13-133:63
168                android:name="android.appwidget.provider"
168-->src\main\AndroidManifest.xml:132:17-58
169                android:resource="@xml/app_widget_small_info" />
169-->src\main\AndroidManifest.xml:133:17-60
170        </receiver>
171        <receiver
171-->src\main\AndroidManifest.xml:159:9-170:20
172            android:name="com.ldt.musicr.appwidgets.AppWidgetCard"
172-->src\main\AndroidManifest.xml:160:13-53
173            android:exported="false"
173-->src\main\AndroidManifest.xml:161:13-37
174            android:label="@string/app_widget_card_name" >
174-->src\main\AndroidManifest.xml:162:13-57
175            <intent-filter>
175-->src\main\AndroidManifest.xml:127:13-129:29
176                <action android:name="android.appwidget.action.APPWIDGET_UPDATE" />
176-->src\main\AndroidManifest.xml:128:17-84
176-->src\main\AndroidManifest.xml:128:25-81
177            </intent-filter>
178
179            <meta-data
179-->src\main\AndroidManifest.xml:131:13-133:63
180                android:name="android.appwidget.provider"
180-->src\main\AndroidManifest.xml:132:17-58
181                android:resource="@xml/app_widget_card_info" />
181-->src\main\AndroidManifest.xml:133:17-60
182        </receiver>
183
184        <activity android:name="com.kabouzeid.appthemehelper.common.ATHToolbarActivity" />
184-->[com.github.kabouzeid:app-theme-helper:1.3.10] AndroidManifest.xml:12:9-91
184-->[com.github.kabouzeid:app-theme-helper:1.3.10] AndroidManifest.xml:12:19-88
185        <activity android:name="com.kabouzeid.appthemehelper.ATHActivity" />
185-->[com.github.kabouzeid:app-theme-helper:1.3.10] AndroidManifest.xml:13:9-77
185-->[com.github.kabouzeid:app-theme-helper:1.3.10] AndroidManifest.xml:13:19-74
186        <activity android:name="com.kabouzeid.appthemehelper.common.ATHActionBarActivity" />
186-->[com.github.kabouzeid:app-theme-helper:1.3.10] AndroidManifest.xml:14:9-93
186-->[com.github.kabouzeid:app-theme-helper:1.3.10] AndroidManifest.xml:14:19-90
187
188        <meta-data
188-->[com.github.bumptech.glide:okhttp3-integration:4.11.0] AndroidManifest.xml:11:9-13:43
189            android:name="com.bumptech.glide.integration.okhttp3.OkHttpGlideModule"
189-->[com.github.bumptech.glide:okhttp3-integration:4.11.0] AndroidManifest.xml:12:13-84
190            android:value="GlideModule" />
190-->[com.github.bumptech.glide:okhttp3-integration:4.11.0] AndroidManifest.xml:13:13-40
191
192        <provider
192-->[com.squareup.picasso:picasso:2.71828] AndroidManifest.xml:8:9-11:40
193            android:name="com.squareup.picasso.PicassoProvider"
193-->[com.squareup.picasso:picasso:2.71828] AndroidManifest.xml:9:13-64
194            android:authorities="com.ldt.musicr.com.squareup.picasso"
194-->[com.squareup.picasso:picasso:2.71828] AndroidManifest.xml:10:13-72
195            android:exported="false" />
195-->[com.squareup.picasso:picasso:2.71828] AndroidManifest.xml:11:13-37
196        <provider
196-->[androidx.lifecycle:lifecycle-process:2.0.0] AndroidManifest.xml:23:9-27:43
197            android:name="androidx.lifecycle.ProcessLifecycleOwnerInitializer"
197-->[androidx.lifecycle:lifecycle-process:2.0.0] AndroidManifest.xml:24:13-79
198            android:authorities="com.ldt.musicr.lifecycle-process"
198-->[androidx.lifecycle:lifecycle-process:2.0.0] AndroidManifest.xml:25:13-69
199            android:exported="false"
199-->[androidx.lifecycle:lifecycle-process:2.0.0] AndroidManifest.xml:26:13-37
200            android:multiprocess="true" />
200-->[androidx.lifecycle:lifecycle-process:2.0.0] AndroidManifest.xml:27:13-40
201    </application>
202
203</manifest>